<?xml version="1.0" encoding="UTF-8"?>
<!-- Generated by org.testng.reporters.JUnitXMLReporter -->
<testsuite ignored="0" hostname="Laptop-32" failures="1" tests="5" name="AllergyTest" time="11.421" errors="0" timestamp="2024-07-01T12:21:31 IST">
  <testcase classname="api.test.UserTests" name="testPostUser" time="3.67"/>
  <testcase classname="api.test.UserTests" name="testGetUserByName" time="1.612"/>
  <testcase classname="api.test.UserTests" name="testUpdateUserByName" time="3.193"/>
  <testcase classname="api.test.UserTests" name="testdeleteUserByName" time="1.459"/>
  <testcase classname="api.test.Allergy_Test" name="testGetPatientIDFromDB" time="0.267">
    <failure type="java.lang.NullPointerException" message="Cannot invoke &amp;quot;org.apache.logging.log4j.Logger.info(String)&amp;quot; because &amp;quot;this.logger&amp;quot; is null">
      <![CDATA[java.lang.NullPointerException: Cannot invoke "org.apache.logging.log4j.Logger.info(String)" because "this.logger" is null
at api.test.Allergy_Test.testGetPatientIDFromDB(Allergy_Test.java:26)
at java.base/java.util.ArrayList.forEach(ArrayList.java:1511)
... Removed 27 stack frames]]>
    </failure>
  </testcase> <!-- testGetPatientIDFromDB -->
</testsuite> <!-- AllergyTest -->
