<?xml version="1.0" encoding="UTF-8"?>
<!-- Generated by org.testng.reporters.JUnitXMLReporter -->
<testsuite ignored="0" hostname="Laptop-32" failures="1" tests="5" name="Surefire test" time="10.886" errors="0" timestamp="2024-07-02T12:59:39 IST">
  <testcase classname="api.test.Allergy_Test" name="testGetPatientIDFromDB" time="0.007">
    <failure type="java.lang.ClassNotFoundException" message="com.mysql.cj.jdbc.Driver">
      <![CDATA[java.lang.ClassNotFoundException: com.mysql.cj.jdbc.Driver
at java.base/jdk.internal.loader.BuiltinClassLoader.loadClass(BuiltinClassLoader.java:641)
at java.base/jdk.internal.loader.ClassLoaders$AppClassLoader.loadClass(ClassLoaders.java:188)
at java.base/java.lang.ClassLoader.loadClass(ClassLoader.java:525)
at java.base/java.lang.Class.forName0(Native Method)
at java.base/java.lang.Class.forName(Class.java:375)
at api.utilities.DatabaseUtils.getDataFromDatabase(DatabaseUtils.java:15)
at api.test.Allergy_Test.testGetPatientIDFromDB(Allergy_Test.java:24)
at java.base/java.util.ArrayList.forEach(ArrayList.java:1511)
... Removed 32 stack frames]]>
    </failure>
  </testcase> <!-- testGetPatientIDFromDB -->
  <testcase classname="api.test.UserTests" name="testPostUser" time="3.456"/>
  <testcase classname="api.test.UserTests" name="testGetUserByName" time="1.617"/>
  <testcase classname="api.test.UserTests" name="testUpdateUserByName" time="3.302"/>
  <testcase classname="api.test.UserTests" name="testdeleteUserByName" time="1.595"/>
</testsuite> <!-- Surefire test -->
