<?xml version="1.0" encoding="UTF-8"?>
<!-- Generated by org.testng.reporters.JUnitXMLReporter -->
<testsuite ignored="0" hostname="Laptop-32" failures="0" tests="4" name="Default test" time="11.186" errors="0" timestamp="2024-07-02T13:10:52 IST">
  <testcase classname="api.test.UserTests" name="testPostUser" time="3.625"/>
  <testcase classname="api.test.UserTests" name="testGetUserByName" time="1.953"/>
  <testcase classname="api.test.UserTests" name="testUpdateUserByName" time="3.076"/>
  <testcase classname="api.test.UserTests" name="testdeleteUserByName" time="1.7"/>
</testsuite> <!-- Default test -->
