<?xml version="1.0" encoding="UTF-8"?>
<testng-results ignored="0" total="4" passed="4" failed="0" skipped="0">
  <reporter-output>
  </reporter-output>
  <suite started-at="2024-07-02T13:10:41 IST" name="Default suite" finished-at="2024-07-02T13:10:52 IST" duration-ms="11186">
    <groups>
    </groups>
    <test started-at="2024-07-02T13:10:41 IST" name="Default test" finished-at="2024-07-02T13:10:52 IST" duration-ms="11186">
      <class name="api.test.UserTests">
        <test-method is-config="true" signature="setupData()[pri:0, instance:api.test.UserTests@71ba6d4e]" started-at="2024-07-02T13:10:41 IST" name="setupData" finished-at="2024-07-02T13:10:42 IST" duration-ms="772" status="PASS">
          <reporter-output>
          </reporter-output>
        </test-method> <!-- setupData -->
        <test-method signature="testPostUser()[pri:1, instance:api.test.UserTests@71ba6d4e]" started-at="2024-07-02T13:10:42 IST" name="testPostUser" finished-at="2024-07-02T13:10:45 IST" duration-ms="3625" status="PASS">
          <reporter-output>
          </reporter-output>
        </test-method> <!-- testPostUser -->
        <test-method signature="testGetUserByName()[pri:3, instance:api.test.UserTests@71ba6d4e]" started-at="2024-07-02T13:10:45 IST" name="testGetUserByName" finished-at="2024-07-02T13:10:47 IST" duration-ms="1953" status="PASS">
          <reporter-output>
          </reporter-output>
        </test-method> <!-- testGetUserByName -->
        <test-method signature="testUpdateUserByName()[pri:4, instance:api.test.UserTests@71ba6d4e]" started-at="2024-07-02T13:10:47 IST" name="testUpdateUserByName" finished-at="2024-07-02T13:10:50 IST" duration-ms="3076" status="PASS">
          <reporter-output>
          </reporter-output>
        </test-method> <!-- testUpdateUserByName -->
        <test-method signature="testdeleteUserByName()[pri:5, instance:api.test.UserTests@71ba6d4e]" started-at="2024-07-02T13:10:50 IST" name="testdeleteUserByName" finished-at="2024-07-02T13:10:52 IST" duration-ms="1700" status="PASS">
          <reporter-output>
          </reporter-output>
        </test-method> <!-- testdeleteUserByName -->
      </class> <!-- api.test.UserTests -->
    </test> <!-- Default test -->
  </suite> <!-- Default suite -->
</testng-results>
