<?xml version="1.0" encoding="UTF-8"?>
<!-- Generated by org.testng.reporters.JUnitXMLReporter -->
<testsuite ignored="0" hostname="Laptop-32" failures="1" tests="5" name="AllergyTest" time="11.044" errors="0" timestamp="2024-07-02T14:07:14 IST">
  <testcase classname="api.test.UserTests" name="testPostUser" time="3.554"/>
  <testcase classname="api.test.UserTests" name="testGetUserByName" time="1.612"/>
  <testcase classname="api.test.UserTests" name="testUpdateUserByName" time="2.976"/>
  <testcase classname="api.test.UserTests" name="testdeleteUserByName" time="1.691"/>
  <testcase classname="api.test.Allergy_Test" name="testGetPatientIDFromDB" time="0.004">
    <failure type="java.lang.ClassNotFoundException" message="com.mysql.cj.jdbc.Driver">
      <![CDATA[java.lang.ClassNotFoundException: com.mysql.cj.jdbc.Driver
at java.base/jdk.internal.loader.BuiltinClassLoader.loadClass(BuiltinClassLoader.java:581)
at java.base/jdk.internal.loader.ClassLoaders$AppClassLoader.loadClass(ClassLoaders.java:178)
at java.base/java.lang.ClassLoader.loadClass(ClassLoader.java:521)
at java.base/java.lang.Class.forName0(Native Method)
at java.base/java.lang.Class.forName(Class.java:315)
at api.utilities.DatabaseUtils.getDataFromDatabase(DatabaseUtils.java:15)
at api.test.Allergy_Test.testGetPatientIDFromDB(Allergy_Test.java:24)
at java.base/java.util.ArrayList.forEach(ArrayList.java:1541)
... Removed 31 stack frames]]>
    </failure>
  </testcase> <!-- testGetPatientIDFromDB -->
</testsuite> <!-- AllergyTest -->
